{
  message: 'GET /failLogin status error',
  level: 'error',
  timestamp: '2022-06-22T00:01:52.304Z'
}
{
  message: 'GET /failLogin status error',
  level: 'error',
  timestamp: '2022-06-22T00:10:40.662Z'
}
{
  message: 'GET /failRegister status error',
  level: 'error',
  timestamp: '2022-06-22T00:16:13.664Z'
}
{
  message: 'GET /failLogin status error',
  level: 'error',
  timestamp: '2022-06-22T00:49:08.980Z'
}
{
  message: 'GET /failLogin status error',
  level: 'error',
  timestamp: '2022-06-22T00:49:24.186Z'
}
{
  message: 'GET /failLogin status error',
  level: 'error',
  timestamp: '2022-06-22T00:59:08.435Z'
}
{
  message: 'GET /failRegister status error',
  level: 'error',
  timestamp: '2022-06-22T19:41:05.141Z'
}
{
  message: 'GET /failRegister status error',
  level: 'error',
  timestamp: '2022-06-22T23:34:08.925Z'
}
{
  message: 'GET /failLogin status error',
  level: 'error',
  timestamp: '2022-06-23T17:02:17.406Z'
}
{
  message: 'GET /failLogin status error',
  level: 'error',
  timestamp: '2022-06-23T17:02:24.698Z'
}
{
  status: 400,
  code: 21212,
  moreInfo: 'https://www.twilio.com/docs/errors/21212',
  details: undefined,
  level: 'error',
  timestamp: '2022-06-23T18:39:22.354Z'
}
{
  status: 400,
  code: 21608,
  moreInfo: 'https://www.twilio.com/docs/errors/21608',
  details: undefined,
  level: 'error',
  timestamp: '2022-06-23T23:59:55.817Z'
}
{
  status: 400,
  code: 21608,
  moreInfo: 'https://www.twilio.com/docs/errors/21608',
  details: undefined,
  level: 'error',
  timestamp: '2022-06-24T00:23:47.423Z'
}
{
  status: 400,
  code: 21608,
  moreInfo: 'https://www.twilio.com/docs/errors/21608',
  details: undefined,
  level: 'error',
  timestamp: '2022-06-24T00:29:00.314Z'
}
{
  status: 400,
  code: 21608,
  moreInfo: 'https://www.twilio.com/docs/errors/21608',
  details: undefined,
  level: 'error',
  timestamp: '2022-06-24T00:30:33.346Z'
}
{
  status: 400,
  code: 21608,
  moreInfo: 'https://www.twilio.com/docs/errors/21608',
  details: undefined,
  level: 'error',
  timestamp: '2022-06-24T00:31:20.064Z'
}
{
  status: 400,
  code: 21608,
  moreInfo: 'https://www.twilio.com/docs/errors/21608',
  details: undefined,
  level: 'error',
  timestamp: '2022-06-24T00:32:25.906Z'
}
{
  status: 400,
  code: 21608,
  moreInfo: 'https://www.twilio.com/docs/errors/21608',
  details: undefined,
  level: 'error',
  timestamp: '2022-06-24T00:32:26.536Z'
}
{
  status: 400,
  code: 21608,
  moreInfo: 'https://www.twilio.com/docs/errors/21608',
  details: undefined,
  level: 'error',
  timestamp: '2022-06-24T00:32:26.564Z'
}
{
  status: 400,
  code: 21608,
  moreInfo: 'https://www.twilio.com/docs/errors/21608',
  details: undefined,
  level: 'error',
  timestamp: '2022-06-24T01:11:03.145Z'
}
{
  status: 400,
  code: 21608,
  moreInfo: 'https://www.twilio.com/docs/errors/21608',
  details: undefined,
  level: 'error',
  timestamp: '2022-06-24T01:12:12.218Z'
}
{
  status: 400,
  code: 21608,
  moreInfo: 'https://www.twilio.com/docs/errors/21608',
  details: undefined,
  level: 'error',
  timestamp: '2022-06-24T01:36:48.289Z'
}
{
  status: 400,
  code: 21608,
  moreInfo: 'https://www.twilio.com/docs/errors/21608',
  details: undefined,
  level: 'error',
  timestamp: '2022-06-24T02:04:25.455Z'
}
{
  status: 400,
  code: 21608,
  moreInfo: 'https://www.twilio.com/docs/errors/21608',
  details: undefined,
  level: 'error',
  timestamp: '2022-06-24T02:06:28.850Z'
}
{
  message: 'GET /failLogin status error',
  level: 'error',
  timestamp: '2022-08-06T17:44:33.036Z'
}
{
  status: 400,
  code: 21211,
  moreInfo: 'https://www.twilio.com/docs/errors/21211',
  details: undefined,
  level: 'error',
  timestamp: '2022-08-06T18:28:46.461Z'
}
{
  message: 'GET /failLogin status error',
  level: 'error',
  timestamp: '2022-08-13T19:07:10.219Z'
}
{
  message: 'GET /failLogin status error',
  level: 'error',
  timestamp: '2022-08-13T19:07:14.346Z'
}
{
  message: 'GET /failRegister status error',
  level: 'error',
  timestamp: '2022-08-13T19:09:38.570Z'
}
{
  status: 400,
  code: 21211,
  moreInfo: 'https://www.twilio.com/docs/errors/21211',
  details: undefined,
  level: 'error',
  timestamp: '2022-08-14T00:07:21.190Z'
}
{
  status: 400,
  code: 21211,
  moreInfo: 'https://www.twilio.com/docs/errors/21211',
  details: undefined,
  level: 'error',
  timestamp: '2022-08-14T00:07:31.181Z'
}
